[debug] [2020-11-25T16:33:21.055Z] ----------------------------------------------------------------------
[debug] [2020-11-25T16:33:21.058Z] Command:       C:\Program Files\nodejs\node.exe C:\Users\Faiq\AppData\Roaming\npm\node_modules\firebase-tools\lib\bin\firebase.js init
[debug] [2020-11-25T16:33:21.058Z] CLI Version:   8.15.0
[debug] [2020-11-25T16:33:21.059Z] Platform:      win32
[debug] [2020-11-25T16:33:21.059Z] Node Version:  v14.15.1
[debug] [2020-11-25T16:33:21.060Z] Time:          Wed Nov 25 2020 22:03:21 GMT+0530 (India Standard Time)
[debug] [2020-11-25T16:33:21.060Z] ----------------------------------------------------------------------
[debug] [2020-11-25T16:33:21.060Z] 
[debug] [2020-11-25T16:33:21.069Z] > command requires scopes: ["email","openid","https://www.googleapis.com/auth/cloudplatformprojects.readonly","https://www.googleapis.com/auth/firebase","https://www.googleapis.com/auth/cloud-platform"]
[debug] [2020-11-25T16:33:21.069Z] > authorizing via signed-in user
[info] 
     ######## #### ########  ######## ########     ###     ######  ########
     ##        ##  ##     ## ##       ##     ##  ##   ##  ##       ##
     ######    ##  ########  ######   ########  #########  ######  ######
     ##        ##  ##    ##  ##       ##     ## ##     ##       ## ##
     ##       #### ##     ## ######## ########  ##     ##  ######  ########

You're about to initialize a Firebase project in this directory:

  C:\Users\Faiq\Desktop\Projects\recipe

Before we get started, keep in mind:

  * You are initializing in an existing Firebase project directory

